# JRE version: OpenJDK Runtime Environment (8.0_242-b01) (build 1.8.0_242-release-1644-b01)
# Java VM: OpenJDK 64-Bit Server VM (25.242-b01 mixed mode windows-amd64 compressed oops)
Heap:
 PSYoungGen      total 425472K, used 294360K [0x00000000d5580000, 0x00000000f2100000, 0x0000000100000000)
  eden space 404992K, 67% used [0x00000000d5580000,0x00000000e60f93b0,0x00000000ee100000)
  from space 20480K, 99% used [0x00000000f0d00000,0x00000000f20fccd8,0x00000000f2100000)
  to   space 32256K, 0% used [0x00000000ee200000,0x00000000ee200000,0x00000000f0180000)
 ParOldGen       total 273408K, used 67430K [0x0000000080000000, 0x0000000090b00000, 0x00000000d5580000)
  object space 273408K, 24% used [0x0000000080000000,0x00000000841d98d0,0x0000000090b00000)
 Metaspace       used 106374K, capacity 112680K, committed 112816K, reserved 1146880K
  class space    used 13733K, capacity 14975K, committed 15024K, reserved 1048576K
GC Heap History (10 events):
Event: 1959.482 GC heap before
{Heap before GC invocations=16 (full 3):
 PSYoungGen      total 315392K, used 315387K [0x00000000d5580000, 0x00000000ead80000, 0x0000000100000000)
  eden space 293888K, 100% used [0x00000000d5580000,0x00000000e7480000,0x00000000e7480000)
  from space 21504K, 99% used [0x00000000e9380000,0x00000000ea87efb0,0x00000000ea880000)
  to   space 29184K, 0% used [0x00000000e7480000,0x00000000e7480000,0x00000000e9100000)
 ParOldGen       total 179712K, used 43719K [0x0000000080000000, 0x000000008af80000, 0x00000000d5580000)
  object space 179712K, 24% used [0x0000000080000000,0x0000000082ab1c68,0x000000008af80000)
 Metaspace       used 92642K, capacity 97878K, committed 98224K, reserved 1134592K
  class space    used 12111K, capacity 13138K, committed 13232K, reserved 1048576K
Event: 1959.516 GC heap after
Heap after GC invocations=16 (full 3):
 PSYoungGen      total 323072K, used 19420K [0x00000000d5580000, 0x00000000ee300000, 0x0000000100000000)
  eden space 293888K, 0% used [0x00000000d5580000,0x00000000d5580000,0x00000000e7480000)
  from space 29184K, 66% used [0x00000000e7480000,0x00000000e8777220,0x00000000e9100000)
  to   space 29696K, 0% used [0x00000000ec600000,0x00000000ec600000,0x00000000ee300000)
 ParOldGen       total 179712K, used 54912K [0x0000000080000000, 0x000000008af80000, 0x00000000d5580000)
  object space 179712K, 30% used [0x0000000080000000,0x00000000835a0310,0x000000008af80000)
 Metaspace       used 92642K, capacity 97878K, committed 98224K, reserved 1134592K
  class space    used 12111K, capacity 13138K, committed 13232K, reserved 1048576K
}
Event: 1960.812 GC heap before
{Heap before GC invocations=17 (full 3):
 PSYoungGen      total 323072K, used 169206K [0x00000000d5580000, 0x00000000ee300000, 0x0000000100000000)
  eden space 293888K, 50% used [0x00000000d5580000,0x00000000de7c6600,0x00000000e7480000)
  from space 29184K, 66% used [0x00000000e7480000,0x00000000e8777220,0x00000000e9100000)
  to   space 29696K, 0% used [0x00000000ec600000,0x00000000ec600000,0x00000000ee300000)
 ParOldGen       total 179712K, used 54912K [0x0000000080000000, 0x000000008af80000, 0x00000000d5580000)
  object space 179712K, 30% used [0x0000000080000000,0x00000000835a0310,0x000000008af80000)
 Metaspace       used 93186K, capacity 98516K, committed 98600K, reserved 1134592K
  class space    used 12128K, capacity 13149K, committed 13232K, reserved 1048576K
Event: 1960.841 GC heap after
Heap after GC invocations=17 (full 3):
 PSYoungGen      total 376320K, used 21941K [0x00000000d5580000, 0x00000000eeb80000, 0x0000000100000000)
  eden space 346624K, 0% used [0x00000000d5580000,0x00000000d5580000,0x00000000ea800000)
  from space 29696K, 73% used [0x00000000ec600000,0x00000000edb6d410,0x00000000ee300000)
  to   space 30720K, 0% used [0x00000000ea800000,0x00000000ea800000,0x00000000ec600000)
 ParOldGen       total 179712K, used 54920K [0x0000000080000000, 0x000000008af80000, 0x00000000d5580000)
  object space 179712K, 30% used [0x0000000080000000,0x00000000835a2310,0x000000008af80000)
 Metaspace       used 93186K, capacity 98516K, committed 98600K, reserved 1134592K
  class space    used 12128K, capacity 13149K, committed 13232K, reserved 1048576K
}
Event: 1960.841 GC heap before
{Heap before GC invocations=18 (full 4):
 PSYoungGen      total 376320K, used 21941K [0x00000000d5580000, 0x00000000eeb80000, 0x0000000100000000)
  eden space 346624K, 0% used [0x00000000d5580000,0x00000000d5580000,0x00000000ea800000)
  from space 29696K, 73% used [0x00000000ec600000,0x00000000edb6d410,0x00000000ee300000)
  to   space 30720K, 0% used [0x00000000ea800000,0x00000000ea800000,0x00000000ec600000)
 ParOldGen       total 179712K, used 54920K [0x0000000080000000, 0x000000008af80000, 0x00000000d5580000)
  object space 179712K, 30% used [0x0000000080000000,0x00000000835a2310,0x000000008af80000)
 Metaspace       used 93186K, capacity 98516K, committed 98600K, reserved 1134592K
  class space    used 12128K, capacity 13149K, committed 13232K, reserved 1048576K
Event: 1961.114 GC heap after
Heap after GC invocations=18 (full 4):
 PSYoungGen      total 376320K, used 0K [0x00000000d5580000, 0x00000000eeb80000, 0x0000000100000000)
  eden space 346624K, 0% used [0x00000000d5580000,0x00000000d5580000,0x00000000ea800000)
  from space 29696K, 0% used [0x00000000ec600000,0x00000000ec600000,0x00000000ee300000)
  to   space 30720K, 0% used [0x00000000ea800000,0x00000000ea800000,0x00000000ec600000)
 ParOldGen       total 273408K, used 67406K [0x0000000080000000, 0x0000000090b00000, 0x00000000d5580000)
  object space 273408K, 24% used [0x0000000080000000,0x00000000841d38d0,0x0000000090b00000)
 Metaspace       used 92490K, capacity 96520K, committed 98600K, reserved 1134592K
  class space    used 11899K, capacity 12743K, committed 13232K, reserved 1048576K
}
Event: 3012.629 GC heap before
{Heap before GC invocations=19 (full 4):
 PSYoungGen      total 376320K, used 346624K [0x00000000d5580000, 0x00000000eeb80000, 0x0000000100000000)
  eden space 346624K, 100% used [0x00000000d5580000,0x00000000ea800000,0x00000000ea800000)
  from space 29696K, 0% used [0x00000000ec600000,0x00000000ec600000,0x00000000ee300000)
  to   space 30720K, 0% used [0x00000000ea800000,0x00000000ea800000,0x00000000ec600000)
 ParOldGen       total 273408K, used 67406K [0x0000000080000000, 0x0000000090b00000, 0x00000000d5580000)
  object space 273408K, 24% used [0x0000000080000000,0x00000000841d38d0,0x0000000090b00000)
 Metaspace       used 104819K, capacity 110738K, committed 110896K, reserved 1144832K
  class space    used 13671K, capacity 14866K, committed 14896K, reserved 1048576K
Event: 3012.652 GC heap after
Heap after GC invocations=19 (full 4):
 PSYoungGen      total 377344K, used 23307K [0x00000000d5580000, 0x00000000f2c80000, 0x0000000100000000)
  eden space 346624K, 0% used [0x00000000d5580000,0x00000000d5580000,0x00000000ea800000)
  from space 30720K, 75% used [0x00000000ea800000,0x00000000ebec2d68,0x00000000ec600000)
  to   space 32256K, 0% used [0x00000000f0d00000,0x00000000f0d00000,0x00000000f2c80000)
 ParOldGen       total 273408K, used 67422K [0x0000000080000000, 0x0000000090b00000, 0x00000000d5580000)
  object space 273408K, 24% used [0x0000000080000000,0x00000000841d78d0,0x0000000090b00000)
 Metaspace       used 104819K, capacity 110738K, committed 110896K, reserved 1144832K
  class space    used 13671K, capacity 14866K, committed 14896K, reserved 1048576K
}
Event: 3910.478 GC heap before
{Heap before GC invocations=20 (full 4):
 PSYoungGen      total 377344K, used 369931K [0x00000000d5580000, 0x00000000f2c80000, 0x0000000100000000)
  eden space 346624K, 100% used [0x00000000d5580000,0x00000000ea800000,0x00000000ea800000)
  from space 30720K, 75% used [0x00000000ea800000,0x00000000ebec2d68,0x00000000ec600000)
  to   space 32256K, 0% used [0x00000000f0d00000,0x00000000f0d00000,0x00000000f2c80000)
 ParOldGen       total 273408K, used 67422K [0x0000000080000000, 0x0000000090b00000, 0x00000000d5580000)
  object space 273408K, 24% used [0x0000000080000000,0x00000000841d78d0,0x0000000090b00000)
 Metaspace       used 105839K, capacity 112096K, committed 112304K, reserved 1146880K
  class space    used 13715K, capacity 14943K, committed 15024K, reserved 1048576K
Event: 3910.508 GC heap after
Heap after GC invocations=20 (full 4):
 PSYoungGen      total 425472K, used 20467K [0x00000000d5580000, 0x00000000f2100000, 0x0000000100000000)
  eden space 404992K, 0% used [0x00000000d5580000,0x00000000d5580000,0x00000000ee100000)
  from space 20480K, 99% used [0x00000000f0d00000,0x00000000f20fccd8,0x00000000f2100000)
  to   space 32256K, 0% used [0x00000000ee200000,0x00000000ee200000,0x00000000f0180000)
 ParOldGen       total 273408K, used 67430K [0x0000000080000000, 0x0000000090b00000, 0x00000000d5580000)
  object space 273408K, 24% used [0x0000000080000000,0x00000000841d98d0,0x0000000090b00000)
 Metaspace       used 105839K, capacity 112096K, committed 112304K, reserved 1146880K
  class space    used 13715K, capacity 14943K, committed 15024K, reserved 1048576K
}

